<?xml version="1.0" encoding="UTF-8"?>
<coverage generated="1696753185839" clover="3.2.0">
  <project timestamp="1696753185839" name="All files">
    <metrics statements="67" coveredstatements="67" conditionals="36" coveredconditionals="36" methods="15" coveredmethods="15" elements="118" coveredelements="118" complexity="0" loc="67" ncloc="67" packages="2" files="2" classes="2"/>
    <package name="helpers">
      <metrics statements="10" coveredstatements="10" conditionals="12" coveredconditionals="12" methods="7" coveredmethods="7"/>
      <file name="apiError.js" path="C:\Users\stef_\Github\via-sem7-bpr2-client\amplify\backend\function\bpr2lambda1\src\helpers\apiError.js">
        <metrics statements="10" coveredstatements="10" conditionals="12" coveredconditionals="12" methods="7" coveredmethods="7"/>
        <line num="3" count="39" type="stmt"/>
        <line num="4" count="39" type="cond" truecount="2" falsecount="0"/>
        <line num="5" count="39" type="cond" truecount="2" falsecount="0"/>
        <line num="6" count="39" type="cond" truecount="2" falsecount="0"/>
        <line num="12" count="8" type="stmt"/>
        <line num="18" count="10" type="stmt"/>
        <line num="24" count="2" type="stmt"/>
        <line num="30" count="3" type="stmt"/>
        <line num="36" count="3" type="stmt"/>
        <line num="42" count="5" type="stmt"/>
      </file>
    </package>
    <package name="services">
      <metrics statements="57" coveredstatements="57" conditionals="24" coveredconditionals="24" methods="8" coveredmethods="8"/>
      <file name="userService.js" path="C:\Users\stef_\Github\via-sem7-bpr2-client\amplify\backend\function\bpr2lambda1\src\services\userService.js">
        <metrics statements="57" coveredstatements="57" conditionals="24" coveredconditionals="24" methods="8" coveredmethods="8"/>
        <line num="13" count="1" type="stmt"/>
        <line num="15" count="1" type="stmt"/>
        <line num="16" count="23" type="stmt"/>
        <line num="17" count="23" type="stmt"/>
        <line num="31" count="21" type="cond" truecount="2" falsecount="0"/>
        <line num="32" count="18" type="cond" truecount="2" falsecount="0"/>
        <line num="33" count="4" type="stmt"/>
        <line num="37" count="14" type="cond" truecount="2" falsecount="0"/>
        <line num="38" count="4" type="stmt"/>
        <line num="41" count="3" type="cond" truecount="2" falsecount="0"/>
        <line num="42" count="1" type="stmt"/>
        <line num="49" count="7" type="cond" truecount="2" falsecount="0"/>
        <line num="50" count="2" type="stmt"/>
        <line num="54" count="1" type="stmt"/>
        <line num="55" count="4" type="stmt"/>
        <line num="56" count="4" type="stmt"/>
        <line num="57" count="2" type="stmt"/>
        <line num="58" count="1" type="stmt"/>
        <line num="67" count="1" type="stmt"/>
        <line num="75" count="1" type="stmt"/>
        <line num="76" count="1" type="stmt"/>
        <line num="78" count="3" type="cond" truecount="2" falsecount="0"/>
        <line num="79" count="1" type="stmt"/>
        <line num="83" count="1" type="stmt"/>
        <line num="84" count="4" type="stmt"/>
        <line num="85" count="4" type="stmt"/>
        <line num="86" count="3" type="stmt"/>
        <line num="88" count="2" type="cond" truecount="2" falsecount="0"/>
        <line num="89" count="1" type="stmt"/>
        <line num="101" count="1" type="stmt"/>
        <line num="103" count="1" type="stmt"/>
        <line num="109" count="3" type="cond" truecount="2" falsecount="0"/>
        <line num="110" count="1" type="stmt"/>
        <line num="114" count="1" type="stmt"/>
        <line num="115" count="6" type="stmt"/>
        <line num="116" count="5" type="stmt"/>
        <line num="117" count="5" type="stmt"/>
        <line num="125" count="4" type="cond" truecount="2" falsecount="0"/>
        <line num="126" count="1" type="stmt"/>
        <line num="127" count="3" type="cond" truecount="2" falsecount="0"/>
        <line num="128" count="2" type="stmt"/>
        <line num="132" count="1" type="stmt"/>
        <line num="133" count="6" type="stmt"/>
        <line num="134" count="6" type="stmt"/>
        <line num="137" count="5" type="stmt"/>
        <line num="139" count="24" type="stmt"/>
        <line num="140" count="24" type="stmt"/>
        <line num="141" count="5" type="stmt"/>
        <line num="142" count="24" type="stmt"/>
        <line num="148" count="5" type="stmt"/>
        <line num="161" count="1" type="stmt"/>
        <line num="163" count="1" type="stmt"/>
        <line num="165" count="5" type="cond" truecount="2" falsecount="0"/>
        <line num="166" count="1" type="stmt"/>
        <line num="167" count="4" type="cond" truecount="2" falsecount="0"/>
        <line num="168" count="2" type="stmt"/>
        <line num="172" count="1" type="stmt"/>
      </file>
    </package>
  </project>
</coverage>
