{"C:\\Users\\stef_\\Github\\via-sem7-bpr2-client\\amplify\\backend\\function\\bpr2lambda1\\src\\helpers\\apiError.js": {"path":"C:\\Users\\stef_\\Github\\via-sem7-bpr2-client\\amplify\\backend\\function\\bpr2lambda1\\src\\helpers\\apiError.js","statementMap":{"0":{"start":{"line":3,"column":4},"end":{"line":3,"column":12}},"1":{"start":{"line":4,"column":4},"end":{"line":4,"column":40}},"2":{"start":{"line":5,"column":4},"end":{"line":5,"column":54}},"3":{"start":{"line":6,"column":4},"end":{"line":6,"column":38}},"4":{"start":{"line":12,"column":4},"end":{"line":12,"column":32}},"5":{"start":{"line":18,"column":4},"end":{"line":18,"column":32}},"6":{"start":{"line":24,"column":4},"end":{"line":24,"column":32}},"7":{"start":{"line":30,"column":4},"end":{"line":30,"column":32}},"8":{"start":{"line":36,"column":4},"end":{"line":36,"column":32}},"9":{"start":{"line":42,"column":4},"end":{"line":42,"column":32}}},"fnMap":{"0":{"name":"(anonymous_0)","decl":{"start":{"line":2,"column":2},"end":{"line":2,"column":3}},"loc":{"start":{"line":2,"column":43},"end":{"line":7,"column":3}},"line":2},"1":{"name":"(anonymous_1)","decl":{"start":{"line":11,"column":2},"end":{"line":11,"column":3}},"loc":{"start":{"line":11,"column":45},"end":{"line":13,"column":3}},"line":11},"2":{"name":"(anonymous_2)","decl":{"start":{"line":17,"column":2},"end":{"line":17,"column":3}},"loc":{"start":{"line":17,"column":50},"end":{"line":19,"column":3}},"line":17},"3":{"name":"(anonymous_3)","decl":{"start":{"line":23,"column":2},"end":{"line":23,"column":3}},"loc":{"start":{"line":23,"column":45},"end":{"line":25,"column":3}},"line":23},"4":{"name":"(anonymous_4)","decl":{"start":{"line":29,"column":2},"end":{"line":29,"column":3}},"loc":{"start":{"line":29,"column":57},"end":{"line":31,"column":3}},"line":29},"5":{"name":"(anonymous_5)","decl":{"start":{"line":35,"column":2},"end":{"line":35,"column":3}},"loc":{"start":{"line":35,"column":56},"end":{"line":37,"column":3}},"line":35},"6":{"name":"(anonymous_6)","decl":{"start":{"line":41,"column":2},"end":{"line":41,"column":3}},"loc":{"start":{"line":41,"column":47},"end":{"line":43,"column":3}},"line":41}},"branchMap":{"0":{"loc":{"start":{"line":4,"column":22},"end":{"line":4,"column":39}},"type":"binary-expr","locations":[{"start":{"line":4,"column":22},"end":{"line":4,"column":32}},{"start":{"line":4,"column":36},"end":{"line":4,"column":39}}],"line":4},"1":{"loc":{"start":{"line":5,"column":19},"end":{"line":5,"column":53}},"type":"binary-expr","locations":[{"start":{"line":5,"column":19},"end":{"line":5,"column":26}},{"start":{"line":5,"column":30},"end":{"line":5,"column":53}}],"line":5},"2":{"loc":{"start":{"line":6,"column":18},"end":{"line":6,"column":37}},"type":"binary-expr","locations":[{"start":{"line":6,"column":18},"end":{"line":6,"column":24}},{"start":{"line":6,"column":28},"end":{"line":6,"column":37}}],"line":6},"3":{"loc":{"start":{"line":11,"column":14},"end":{"line":11,"column":35}},"type":"default-arg","locations":[{"start":{"line":11,"column":24},"end":{"line":11,"column":35}}],"line":11},"4":{"loc":{"start":{"line":17,"column":14},"end":{"line":17,"column":40}},"type":"default-arg","locations":[{"start":{"line":17,"column":24},"end":{"line":17,"column":40}}],"line":17},"5":{"loc":{"start":{"line":23,"column":14},"end":{"line":23,"column":35}},"type":"default-arg","locations":[{"start":{"line":23,"column":24},"end":{"line":23,"column":35}}],"line":23},"6":{"loc":{"start":{"line":29,"column":14},"end":{"line":29,"column":47}},"type":"default-arg","locations":[{"start":{"line":29,"column":24},"end":{"line":29,"column":47}}],"line":29},"7":{"loc":{"start":{"line":35,"column":14},"end":{"line":35,"column":46}},"type":"default-arg","locations":[{"start":{"line":35,"column":24},"end":{"line":35,"column":46}}],"line":35},"8":{"loc":{"start":{"line":41,"column":14},"end":{"line":41,"column":37}},"type":"default-arg","locations":[{"start":{"line":41,"column":24},"end":{"line":41,"column":37}}],"line":41}},"s":{"0":39,"1":39,"2":39,"3":39,"4":8,"5":10,"6":2,"7":3,"8":3,"9":5},"f":{"0":39,"1":8,"2":10,"3":2,"4":3,"5":3,"6":5},"b":{"0":[39,4],"1":[39,3],"2":[39,12],"3":[3],"4":[1],"5":[1],"6":[1],"7":[1],"8":[1]},"_coverageSchema":"1a1c01bbd47fc00a2c39e90264f33305004495a9","hash":"7982b96882dc780f7bf798f4a8f76e248fbeb9fa"}
,"C:\\Users\\stef_\\Github\\via-sem7-bpr2-client\\amplify\\backend\\function\\bpr2lambda1\\src\\services\\userService.js": {"path":"C:\\Users\\stef_\\Github\\via-sem7-bpr2-client\\amplify\\backend\\function\\bpr2lambda1\\src\\services\\userService.js","statementMap":{"0":{"start":{"line":13,"column":17},"end":{"line":13,"column":63}},"1":{"start":{"line":15,"column":38},"end":{"line":52,"column":1}},"2":{"start":{"line":16,"column":2},"end":{"line":51,"column":3}},"3":{"start":{"line":17,"column":22},"end":{"line":29,"column":5}},"4":{"start":{"line":31,"column":4},"end":{"line":47,"column":5}},"5":{"start":{"line":32,"column":6},"end":{"line":39,"column":7}},"6":{"start":{"line":33,"column":8},"end":{"line":36,"column":10}},"7":{"start":{"line":37,"column":13},"end":{"line":39,"column":7}},"8":{"start":{"line":38,"column":8},"end":{"line":38,"column":36}},"9":{"start":{"line":41,"column":6},"end":{"line":46,"column":7}},"10":{"start":{"line":42,"column":8},"end":{"line":45,"column":10}},"11":{"start":{"line":49,"column":4},"end":{"line":50,"column":109}},"12":{"start":{"line":49,"column":35},"end":{"line":49,"column":47}},"13":{"start":{"line":50,"column":9},"end":{"line":50,"column":109}},"14":{"start":{"line":54,"column":21},"end":{"line":81,"column":1}},"15":{"start":{"line":55,"column":2},"end":{"line":80,"column":3}},"16":{"start":{"line":56,"column":4},"end":{"line":56,"column":55}},"17":{"start":{"line":57,"column":27},"end":{"line":57,"column":83}},"18":{"start":{"line":58,"column":25},"end":{"line":65,"column":5}},"19":{"start":{"line":67,"column":4},"end":{"line":72,"column":6}},"20":{"start":{"line":75,"column":42},"end":{"line":75,"column":54}},"21":{"start":{"line":76,"column":4},"end":{"line":76,"column":24}},"22":{"start":{"line":78,"column":4},"end":{"line":78,"column":47}},"23":{"start":{"line":78,"column":35},"end":{"line":78,"column":47}},"24":{"start":{"line":79,"column":4},"end":{"line":79,"column":79}},"25":{"start":{"line":83,"column":18},"end":{"line":112,"column":1}},"26":{"start":{"line":84,"column":2},"end":{"line":111,"column":3}},"27":{"start":{"line":85,"column":25},"end":{"line":85,"column":87}},"28":{"start":{"line":86,"column":30},"end":{"line":86,"column":86}},"29":{"start":{"line":88,"column":4},"end":{"line":107,"column":5}},"30":{"start":{"line":89,"column":20},"end":{"line":99,"column":7}},"31":{"start":{"line":101,"column":6},"end":{"line":101,"column":23}},"32":{"start":{"line":103,"column":6},"end":{"line":106,"column":8}},"33":{"start":{"line":109,"column":4},"end":{"line":110,"column":83}},"34":{"start":{"line":109,"column":35},"end":{"line":109,"column":47}},"35":{"start":{"line":110,"column":9},"end":{"line":110,"column":83}},"36":{"start":{"line":114,"column":23},"end":{"line":130,"column":1}},"37":{"start":{"line":115,"column":2},"end":{"line":115,"column":52}},"38":{"start":{"line":116,"column":2},"end":{"line":129,"column":3}},"39":{"start":{"line":117,"column":4},"end":{"line":123,"column":6}},"40":{"start":{"line":125,"column":4},"end":{"line":126,"column":93}},"41":{"start":{"line":126,"column":6},"end":{"line":126,"column":93}},"42":{"start":{"line":127,"column":4},"end":{"line":128,"column":88}},"43":{"start":{"line":127,"column":35},"end":{"line":127,"column":47}},"44":{"start":{"line":128,"column":9},"end":{"line":128,"column":88}},"45":{"start":{"line":132,"column":23},"end":{"line":170,"column":1}},"46":{"start":{"line":133,"column":2},"end":{"line":169,"column":3}},"47":{"start":{"line":134,"column":4},"end":{"line":134,"column":54}},"48":{"start":{"line":137,"column":27},"end":{"line":137,"column":44}},"49":{"start":{"line":139,"column":29},"end":{"line":139,"column":97}},"50":{"start":{"line":139,"column":64},"end":{"line":139,"column":83}},"51":{"start":{"line":140,"column":37},"end":{"line":140,"column":108}},"52":{"start":{"line":140,"column":74},"end":{"line":140,"column":102}},"53":{"start":{"line":141,"column":38},"end":{"line":146,"column":5}},"54":{"start":{"line":142,"column":43},"end":{"line":142,"column":77}},"55":{"start":{"line":148,"column":40},"end":{"line":158,"column":5}},"56":{"start":{"line":161,"column":42},"end":{"line":161,"column":81}},"57":{"start":{"line":163,"column":4},"end":{"line":163,"column":24}},"58":{"start":{"line":165,"column":4},"end":{"line":166,"column":93}},"59":{"start":{"line":166,"column":6},"end":{"line":166,"column":93}},"60":{"start":{"line":167,"column":4},"end":{"line":168,"column":88}},"61":{"start":{"line":167,"column":35},"end":{"line":167,"column":47}},"62":{"start":{"line":168,"column":9},"end":{"line":168,"column":88}},"63":{"start":{"line":172,"column":28},"end":{"line":178,"column":1}}},"fnMap":{"0":{"name":"(anonymous_0)","decl":{"start":{"line":15,"column":38},"end":{"line":15,"column":39}},"loc":{"start":{"line":15,"column":94},"end":{"line":52,"column":1}},"line":15},"1":{"name":"(anonymous_1)","decl":{"start":{"line":54,"column":21},"end":{"line":54,"column":22}},"loc":{"start":{"line":54,"column":37},"end":{"line":81,"column":1}},"line":54},"2":{"name":"(anonymous_2)","decl":{"start":{"line":83,"column":18},"end":{"line":83,"column":19}},"loc":{"start":{"line":83,"column":34},"end":{"line":112,"column":1}},"line":83},"3":{"name":"(anonymous_3)","decl":{"start":{"line":114,"column":23},"end":{"line":114,"column":24}},"loc":{"start":{"line":114,"column":41},"end":{"line":130,"column":1}},"line":114},"4":{"name":"(anonymous_4)","decl":{"start":{"line":132,"column":23},"end":{"line":132,"column":24}},"loc":{"start":{"line":132,"column":47},"end":{"line":170,"column":1}},"line":132},"5":{"name":"(anonymous_5)","decl":{"start":{"line":139,"column":55},"end":{"line":139,"column":56}},"loc":{"start":{"line":139,"column":64},"end":{"line":139,"column":83}},"line":139},"6":{"name":"(anonymous_6)","decl":{"start":{"line":140,"column":59},"end":{"line":140,"column":60}},"loc":{"start":{"line":140,"column":74},"end":{"line":140,"column":102}},"line":140},"7":{"name":"(anonymous_7)","decl":{"start":{"line":142,"column":28},"end":{"line":142,"column":29}},"loc":{"start":{"line":142,"column":43},"end":{"line":142,"column":77}},"line":142}},"branchMap":{"0":{"loc":{"start":{"line":31,"column":4},"end":{"line":47,"column":5}},"type":"if","locations":[{"start":{"line":31,"column":4},"end":{"line":47,"column":5}},{"start":{"line":40,"column":11},"end":{"line":47,"column":5}}],"line":31},"1":{"loc":{"start":{"line":32,"column":6},"end":{"line":39,"column":7}},"type":"if","locations":[{"start":{"line":32,"column":6},"end":{"line":39,"column":7}},{"start":{"line":37,"column":13},"end":{"line":39,"column":7}}],"line":32},"2":{"loc":{"start":{"line":37,"column":13},"end":{"line":39,"column":7}},"type":"if","locations":[{"start":{"line":37,"column":13},"end":{"line":39,"column":7}},{"start":{},"end":{}}],"line":37},"3":{"loc":{"start":{"line":41,"column":6},"end":{"line":46,"column":7}},"type":"if","locations":[{"start":{"line":41,"column":6},"end":{"line":46,"column":7}},{"start":{},"end":{}}],"line":41},"4":{"loc":{"start":{"line":49,"column":4},"end":{"line":50,"column":109}},"type":"if","locations":[{"start":{"line":49,"column":4},"end":{"line":50,"column":109}},{"start":{"line":50,"column":9},"end":{"line":50,"column":109}}],"line":49},"5":{"loc":{"start":{"line":78,"column":4},"end":{"line":78,"column":47}},"type":"if","locations":[{"start":{"line":78,"column":4},"end":{"line":78,"column":47}},{"start":{},"end":{}}],"line":78},"6":{"loc":{"start":{"line":88,"column":4},"end":{"line":107,"column":5}},"type":"if","locations":[{"start":{"line":88,"column":4},"end":{"line":107,"column":5}},{"start":{"line":102,"column":11},"end":{"line":107,"column":5}}],"line":88},"7":{"loc":{"start":{"line":109,"column":4},"end":{"line":110,"column":83}},"type":"if","locations":[{"start":{"line":109,"column":4},"end":{"line":110,"column":83}},{"start":{"line":110,"column":9},"end":{"line":110,"column":83}}],"line":109},"8":{"loc":{"start":{"line":125,"column":4},"end":{"line":126,"column":93}},"type":"if","locations":[{"start":{"line":125,"column":4},"end":{"line":126,"column":93}},{"start":{},"end":{}}],"line":125},"9":{"loc":{"start":{"line":127,"column":4},"end":{"line":128,"column":88}},"type":"if","locations":[{"start":{"line":127,"column":4},"end":{"line":128,"column":88}},{"start":{"line":128,"column":9},"end":{"line":128,"column":88}}],"line":127},"10":{"loc":{"start":{"line":165,"column":4},"end":{"line":166,"column":93}},"type":"if","locations":[{"start":{"line":165,"column":4},"end":{"line":166,"column":93}},{"start":{},"end":{}}],"line":165},"11":{"loc":{"start":{"line":167,"column":4},"end":{"line":168,"column":88}},"type":"if","locations":[{"start":{"line":167,"column":4},"end":{"line":168,"column":88}},{"start":{"line":168,"column":9},"end":{"line":168,"column":88}}],"line":167}},"s":{"0":1,"1":1,"2":23,"3":23,"4":21,"5":18,"6":4,"7":14,"8":4,"9":3,"10":1,"11":7,"12":5,"13":2,"14":1,"15":4,"16":4,"17":2,"18":1,"19":1,"20":1,"21":1,"22":3,"23":2,"24":1,"25":1,"26":4,"27":4,"28":3,"29":2,"30":1,"31":1,"32":1,"33":3,"34":2,"35":1,"36":1,"37":6,"38":5,"39":5,"40":4,"41":1,"42":3,"43":1,"44":2,"45":1,"46":6,"47":6,"48":5,"49":5,"50":24,"51":5,"52":24,"53":5,"54":24,"55":5,"56":1,"57":1,"58":5,"59":1,"60":4,"61":2,"62":2,"63":1},"f":{"0":23,"1":4,"2":4,"3":6,"4":6,"5":24,"6":24,"7":24},"b":{"0":[18,3],"1":[4,14],"2":[4,10],"3":[1,2],"4":[5,2],"5":[2,1],"6":[1,1],"7":[2,1],"8":[1,3],"9":[1,2],"10":[1,4],"11":[2,2]},"_coverageSchema":"1a1c01bbd47fc00a2c39e90264f33305004495a9","hash":"4dc803830e0e5903dcddade91b2bd9abdd027d08"}
}
