TN:
SF:src\helpers\apiError.js
FN:2,(anonymous_0)
FN:11,(anonymous_1)
FN:17,(anonymous_2)
FN:23,(anonymous_3)
FN:29,(anonymous_4)
FN:35,(anonymous_5)
FN:41,(anonymous_6)
FNF:7
FNH:7
FNDA:39,(anonymous_0)
FNDA:8,(anonymous_1)
FNDA:10,(anonymous_2)
FNDA:2,(anonymous_3)
FNDA:3,(anonymous_4)
FNDA:3,(anonymous_5)
FNDA:5,(anonymous_6)
DA:3,39
DA:4,39
DA:5,39
DA:6,39
DA:12,8
DA:18,10
DA:24,2
DA:30,3
DA:36,3
DA:42,5
LF:10
LH:10
BRDA:4,0,0,39
BRDA:4,0,1,4
BRDA:5,1,0,39
BRDA:5,1,1,3
BRDA:6,2,0,39
BRDA:6,2,1,12
BRDA:11,3,0,3
BRDA:17,4,0,1
BRDA:23,5,0,1
BRDA:29,6,0,1
BRDA:35,7,0,1
BRDA:41,8,0,1
BRF:12
BRH:12
end_of_record
TN:
SF:src\services\userService.js
FN:15,(anonymous_0)
FN:54,(anonymous_1)
FN:83,(anonymous_2)
FN:114,(anonymous_3)
FN:132,(anonymous_4)
FN:139,(anonymous_5)
FN:140,(anonymous_6)
FN:142,(anonymous_7)
FNF:8
FNH:8
FNDA:23,(anonymous_0)
FNDA:4,(anonymous_1)
FNDA:4,(anonymous_2)
FNDA:6,(anonymous_3)
FNDA:6,(anonymous_4)
FNDA:24,(anonymous_5)
FNDA:24,(anonymous_6)
FNDA:24,(anonymous_7)
DA:13,1
DA:15,1
DA:16,23
DA:17,23
DA:31,21
DA:32,18
DA:33,4
DA:37,14
DA:38,4
DA:41,3
DA:42,1
DA:49,7
DA:50,2
DA:54,1
DA:55,4
DA:56,4
DA:57,2
DA:58,1
DA:67,1
DA:75,1
DA:76,1
DA:78,3
DA:79,1
DA:83,1
DA:84,4
DA:85,4
DA:86,3
DA:88,2
DA:89,1
DA:101,1
DA:103,1
DA:109,3
DA:110,1
DA:114,1
DA:115,6
DA:116,5
DA:117,5
DA:125,4
DA:126,1
DA:127,3
DA:128,2
DA:132,1
DA:133,6
DA:134,6
DA:137,5
DA:139,24
DA:140,24
DA:141,5
DA:142,24
DA:148,5
DA:161,1
DA:163,1
DA:165,5
DA:166,1
DA:167,4
DA:168,2
DA:172,1
LF:57
LH:57
BRDA:31,0,0,18
BRDA:31,0,1,3
BRDA:32,1,0,4
BRDA:32,1,1,14
BRDA:37,2,0,4
BRDA:37,2,1,10
BRDA:41,3,0,1
BRDA:41,3,1,2
BRDA:49,4,0,5
BRDA:49,4,1,2
BRDA:78,5,0,2
BRDA:78,5,1,1
BRDA:88,6,0,1
BRDA:88,6,1,1
BRDA:109,7,0,2
BRDA:109,7,1,1
BRDA:125,8,0,1
BRDA:125,8,1,3
BRDA:127,9,0,1
BRDA:127,9,1,2
BRDA:165,10,0,1
BRDA:165,10,1,4
BRDA:167,11,0,2
BRDA:167,11,1,2
BRF:24
BRH:24
end_of_record
